********************************************************************************
DUPLICATOR-LITE PACKAGE-LOG: December 17, 2018 1:10 am
NOTICE: Do NOT post to public sites or forums 
********************************************************************************
VERSION:	1.2.52
WORDPRESS:	4.9.9
PHP INFO:	7.0.32 | SAPI: fpm-fcgi
SERVER:		Apache/2.4.35 (Unix) OpenSSL/1.0.2g 
PHP TIME LIMIT: (0) no time limit imposed 
PHP MAX MEMORY: 2048M (256M default) 
MEMORY STACK: 26MB 

********************************************************************************
DATABASE:
********************************************************************************
BUILD MODE:   MYSQLDUMP
MYSQLTIMEOUT: 5000
MYSQLDUMP:    Is Supported 
FILTERED: [] 
RESPONSE: mysqldump: [Warning] Using a password on the command line interface can be insecure.
 
TABLES: total:13 | filtered:0 | create:13 
SQL CREATED: 20181217_kdalive_0cdb188806e4fce97942_20181217010959_database.sql 
SQL FILE SIZE: 4.12MB (4319475) 
SQL FILE TIME: 2018-12-17 01:10:13 
SQL RUNTIME: 0.14 sec. 

******************************************************************************** 
ARCHIVE (ZIP): 
******************************************************************************** 
ARCHIVE DIR:  /srv/users/kdalive/apps/kdalive-com/public 
ARCHIVE FILE: 20181217_kdalive_0cdb188806e4fce97942_20181217010959_archive.zip 
FILTERS: *OFF* 
DIRS:
	not set 
FILES:
	not set 
EXTS:  not set 
---------------------------------------- 
COMPRESSING 
SIZE:	87.79MB 
STATS:	Dirs 708 | Files 4,770 
SQL ADDED: 20181217_kdalive_0cdb188806e4fce97942_20181217010959_database.sql 
ZipArchive Object
(
    [status] => 0
    [statusSys] => 0
    [numFiles] => 5478
    [filename] => /srv/users/kdalive/apps/kdalive-com/public/wp-snapshots/tmp/20181217_kdalive_0cdb188806e4fce97942_20181217010959_archive.zip
    [comment] => 
)
 
COMPRESSION RESULT: '1' 
COMPRESSED SIZE: 36.96MB 
ARCHIVE RUNTIME: 6.03 sec. 
MEMORY STACK: 28MB 

******************************************************************************** 
MAKE INSTALLER: 
******************************************************************************** 
Build Start 
Build Finished 
Preparing for use 
PACK SIZE:  
Template parsed with new data 
Complete [/srv/users/kdalive/apps/kdalive-com/public/wp-snapshots/tmp/20181217_kdalive_0cdb188806e4fce97942_20181217010959_installer.php] 
Added to archive 

******************************************************************************** 
INTEGRITY CHECKS: 
******************************************************************************** 
SQL File: 4.12MB 
Installer File: 514.16KB 
Archive File: 36.96MB  

********************************************************************************
RECORD ID:[1]
TOTAL PROCESS RUNTIME: 6.55 sec.
PEAK PHP MEMORY USED: 30MB
DONE PROCESSING => 20181217_kdalive December 17, 2018 1:10 am
 
